[INFO 20230612 02:03:02] function main() start
[INFO 20230612 02:03:02] function originModelJob() start
[INFO 20230612 02:03:02] function origin_LogisticRegression__performanceMetrics() start
[INFO 20230612 02:03:02] function origin_LogisticRegression__performanceMetrics() end
[INFO 20230612 02:03:02] cost 0.06299996376037598 s
[INFO 20230612 02:03:02] function origin_SVC__performanceMetrics() start
[INFO 20230612 02:03:11] function origin_SVC__performanceMetrics() end
[INFO 20230612 02:03:11] cost 9.38803482055664 s
[INFO 20230612 02:03:11] function origin_DecisionTreeClassifier__performanceMetrics() start
[INFO 20230612 02:03:11] function origin_DecisionTreeClassifier__performanceMetrics() end
[INFO 20230612 02:03:11] cost 0.08903837203979492 s
[INFO 20230612 02:03:11] function origin_RandomForestClassifier__performanceMetrics() start
[INFO 20230612 02:03:12] function origin_RandomForestClassifier__performanceMetrics() end
[INFO 20230612 02:03:12] cost 0.9213275909423828 s
[INFO 20230612 02:03:12] function origin_KNeighborsClassifier__performanceMetrics() start
[INFO 20230612 02:03:13] function origin_KNeighborsClassifier__performanceMetrics() end
[INFO 20230612 02:03:13] cost 0.47203683853149414 s
[INFO 20230612 02:03:13] function origin_LogisticRegression__performanceMetrics() start
[INFO 20230612 02:03:13] function origin_LogisticRegression__performanceMetrics() end
[INFO 20230612 02:03:13] cost 0.05099987983703613 s
[INFO 20230612 02:03:13] function origin_SVC__performanceMetrics() start
[INFO 20230612 02:03:21] function origin_SVC__performanceMetrics() end
[INFO 20230612 02:03:21] cost 8.371996641159058 s
[INFO 20230612 02:03:21] function origin_DecisionTreeClassifier__performanceMetrics() start
[INFO 20230612 02:03:21] function origin_DecisionTreeClassifier__performanceMetrics() end
[INFO 20230612 02:03:21] cost 0.08703041076660156 s
[INFO 20230612 02:03:21] function origin_RandomForestClassifier__performanceMetrics() start
[INFO 20230612 02:03:22] function origin_RandomForestClassifier__performanceMetrics() end
[INFO 20230612 02:03:22] cost 0.9836649894714355 s
[INFO 20230612 02:03:22] function origin_KNeighborsClassifier__performanceMetrics() start
[INFO 20230612 02:03:22] function origin_KNeighborsClassifier__performanceMetrics() end
[INFO 20230612 02:03:22] cost 0.2270336151123047 s
[INFO 20230612 02:03:22] function originModelJob() end
[INFO 20230612 02:03:22] cost 20.686999797821045 s
[INFO 20230612 02:03:22] function optimizedModelsJob() start
[INFO 20230612 02:03:22] function randomForestFeatureRank() start
[INFO 20230612 02:03:26] featureRank.png ok！
[INFO 20230612 02:03:26] function randomForestFeatureRank() end
[INFO 20230612 02:03:26] cost 4.0320823192596436 s
[INFO 20230612 02:03:26] function LogisticRegression_gridSearch() start
[INFO 20230612 02:03:33] function LogisticRegression_gridSearch() end
[INFO 20230612 02:03:33] cost 6.6089982986450195 s
[INFO 20230612 02:03:33] function SVC_gridSearch() start
[INFO 20230612 02:15:38] function SVC_gridSearch() end
[INFO 20230612 02:15:38] cost 725.1855113506317 s
[INFO 20230612 02:15:38] function DecisionTreeClassifier_gridSearch() start
[INFO 20230612 02:15:43] function DecisionTreeClassifier_gridSearch() end
[INFO 20230612 02:15:43] cost 4.778980255126953 s
[INFO 20230612 02:15:43] function RandomForestClassifier_gridSearch() start
[INFO 20230612 02:25:41] function RandomForestClassifier_gridSearch() end
[INFO 20230612 02:25:41] cost 598.475507736206 s
[INFO 20230612 02:25:41] function KNeighborsClassifier_gridSearch() start
[INFO 20230612 02:25:43] function KNeighborsClassifier_gridSearch() end
[INFO 20230612 02:25:43] cost 1.8879992961883545 s
[INFO 20230612 02:25:43] function optimized_LogisticRegression__performanceMetrics() start
[INFO 20230612 02:25:43] function optimized_LogisticRegression__performanceMetrics() end
[INFO 20230612 02:25:43] cost 0.04103827476501465 s
[INFO 20230612 02:25:43] function optimized_SVC__performanceMetrics() start
[INFO 20230612 02:25:56] function optimized_SVC__performanceMetrics() end
[INFO 20230612 02:25:56] cost 12.427001476287842 s
[INFO 20230612 02:25:56] function optimized_DecisionTreeClassifier__performanceMetrics() start
[INFO 20230612 02:25:56] function optimized_DecisionTreeClassifier__performanceMetrics() end
[INFO 20230612 02:25:56] cost 0.04203438758850098 s
[INFO 20230612 02:25:56] function optimized_RandomForestClassifier__performanceMetrics() start
[INFO 20230612 02:25:57] function optimized_RandomForestClassifier__performanceMetrics() end
[INFO 20230612 02:25:57] cost 0.7374904155731201 s
[INFO 20230612 02:25:57] function optimized_KNeighborsClassifier__performanceMetrics() start
[INFO 20230612 02:25:57] function optimized_KNeighborsClassifier__performanceMetrics() end
[INFO 20230612 02:25:57] cost 0.41303491592407227 s
[INFO 20230612 02:25:57] function optimized_LogisticRegression__performanceMetrics() start
[INFO 20230612 02:25:57] function optimized_LogisticRegression__performanceMetrics() end
[INFO 20230612 02:25:57] cost 0.03299546241760254 s
[INFO 20230612 02:25:57] function optimized_SVC__performanceMetrics() start
[INFO 20230612 02:26:08] function optimized_SVC__performanceMetrics() end
[INFO 20230612 02:26:08] cost 10.89601755142212 s
[INFO 20230612 02:26:08] function optimized_DecisionTreeClassifier__performanceMetrics() start
[INFO 20230612 02:26:08] function optimized_DecisionTreeClassifier__performanceMetrics() end
[INFO 20230612 02:26:08] cost 0.03999018669128418 s
[INFO 20230612 02:26:08] function optimized_RandomForestClassifier__performanceMetrics() start
[INFO 20230612 02:26:09] function optimized_RandomForestClassifier__performanceMetrics() end
[INFO 20230612 02:26:09] cost 0.726032018661499 s
[INFO 20230612 02:26:09] function optimized_KNeighborsClassifier__performanceMetrics() start
[INFO 20230612 02:26:09] function optimized_KNeighborsClassifier__performanceMetrics() end
[INFO 20230612 02:26:09] cost 0.19641327857971191 s
[INFO 20230612 02:26:09] function optimized_LogisticRegression__KFoldCrossValidation() start
[INFO 20230612 02:26:09] function optimized_LogisticRegression__KFoldCrossValidation() end
[INFO 20230612 02:26:09] cost 0.3750035762786865 s
[INFO 20230612 02:26:09] function optimized_SVC__KFoldCrossValidation() start
[INFO 20230612 02:26:43] function optimized_SVC__KFoldCrossValidation() end
[INFO 20230612 02:26:43] cost 33.47903752326965 s
[INFO 20230612 02:26:43] function optimized_DecisionTreeClassifier__KFoldCrossValidation() start
[INFO 20230612 02:26:43] function optimized_DecisionTreeClassifier__KFoldCrossValidation() end
[INFO 20230612 02:26:43] cost 0.39404726028442383 s
[INFO 20230612 02:26:43] function optimized_RandomForestClassifier__KFoldCrossValidation() start
[INFO 20230612 02:26:46] function optimized_RandomForestClassifier__KFoldCrossValidation() end
[INFO 20230612 02:26:46] cost 3.231147050857544 s
[INFO 20230612 02:26:46] function optimized_KNeighborsClassifier__KFoldCrossValidation() start
[INFO 20230612 02:26:47] function optimized_KNeighborsClassifier__KFoldCrossValidation() end
[INFO 20230612 02:26:47] cost 0.37000060081481934 s
[INFO 20230612 02:26:47] function optimized_LogisticRegression__KFoldCrossValidation() start
[INFO 20230612 02:26:47] function optimized_LogisticRegression__KFoldCrossValidation() end
[INFO 20230612 02:26:47] cost 0.3529980182647705 s
[INFO 20230612 02:26:47] function optimized_SVC__KFoldCrossValidation() start
[INFO 20230612 02:26:54] function optimized_SVC__KFoldCrossValidation() end
[INFO 20230612 02:26:54] cost 6.657033443450928 s
[INFO 20230612 02:26:54] function optimized_DecisionTreeClassifier__KFoldCrossValidation() start
[INFO 20230612 02:26:54] function optimized_DecisionTreeClassifier__KFoldCrossValidation() end
[INFO 20230612 02:26:54] cost 0.32001590728759766 s
[INFO 20230612 02:26:54] function optimized_RandomForestClassifier__KFoldCrossValidation() start
[INFO 20230612 02:26:56] function optimized_RandomForestClassifier__KFoldCrossValidation() end
[INFO 20230612 02:26:56] cost 2.130030632019043 s
[INFO 20230612 02:26:56] function optimized_KNeighborsClassifier__KFoldCrossValidation() start
[INFO 20230612 02:26:57] function optimized_KNeighborsClassifier__KFoldCrossValidation() end
[INFO 20230612 02:26:57] cost 0.30902743339538574 s
[INFO 20230612 02:26:57] function optimizedModelsJob() end
[INFO 20230612 02:26:57] cost 1414.1991593837738 s
[INFO 20230612 02:26:57] function main() end
[INFO 20230612 02:26:57] cost 1434.8901600837708 s
