[INFO 20230612 00:08:49] function main() start
[INFO 20230612 00:08:49] function originModelJob() start
[INFO 20230612 00:08:49] function origin_LogisticRegression__performanceMetrics() start
[INFO 20230612 00:08:50] function origin_LogisticRegression__performanceMetrics() end
[INFO 20230612 00:08:50] cost 0.059996604919433594 s
[INFO 20230612 00:08:50] function origin_SVC__performanceMetrics() start
[INFO 20230612 00:08:59] function origin_SVC__performanceMetrics() end
[INFO 20230612 00:08:59] cost 9.312034130096436 s
[INFO 20230612 00:08:59] function origin_DecisionTreeClassifier__performanceMetrics() start
[INFO 20230612 00:08:59] function origin_DecisionTreeClassifier__performanceMetrics() end
[INFO 20230612 00:08:59] cost 0.0890359878540039 s
[INFO 20230612 00:08:59] function origin_RandomForestClassifier__performanceMetrics() start
[INFO 20230612 00:09:00] function origin_RandomForestClassifier__performanceMetrics() end
[INFO 20230612 00:09:00] cost 0.9330527782440186 s
[INFO 20230612 00:09:00] function origin_KNeighborsClassifier__performanceMetrics() start
[INFO 20230612 00:09:00] function origin_KNeighborsClassifier__performanceMetrics() end
[INFO 20230612 00:09:00] cost 0.47769784927368164 s
[INFO 20230612 00:09:00] function origin_LogisticRegression__performanceMetrics() start
[INFO 20230612 00:09:00] function origin_LogisticRegression__performanceMetrics() end
[INFO 20230612 00:09:00] cost 0.051982879638671875 s
[INFO 20230612 00:09:00] function origin_SVC__performanceMetrics() start
[INFO 20230612 00:09:09] function origin_SVC__performanceMetrics() end
[INFO 20230612 00:09:09] cost 8.515034437179565 s
[INFO 20230612 00:09:09] function origin_DecisionTreeClassifier__performanceMetrics() start
[INFO 20230612 00:09:09] function origin_DecisionTreeClassifier__performanceMetrics() end
[INFO 20230612 00:09:09] cost 0.07848191261291504 s
[INFO 20230612 00:09:09] function origin_RandomForestClassifier__performanceMetrics() start
[INFO 20230612 00:09:10] function origin_RandomForestClassifier__performanceMetrics() end
[INFO 20230612 00:09:10] cost 0.8853826522827148 s
[INFO 20230612 00:09:10] function origin_KNeighborsClassifier__performanceMetrics() start
[INFO 20230612 00:09:10] function origin_KNeighborsClassifier__performanceMetrics() end
[INFO 20230612 00:09:10] cost 0.2180311679840088 s
[INFO 20230612 00:09:10] function originModelJob() end
[INFO 20230612 00:09:10] cost 20.652567386627197 s
[INFO 20230612 00:09:10] function optimizedModelsJob() start
[INFO 20230612 00:09:10] function randomForestFeatureRank() start
[INFO 20230612 00:09:14] featureRank.png ok！
[INFO 20230612 00:09:14] function randomForestFeatureRank() end
[INFO 20230612 00:09:14] cost 3.82503604888916 s
[INFO 20230612 00:09:14] function LogisticRegression_gridSearch() start
[INFO 20230612 00:09:20] function LogisticRegression_gridSearch() end
[INFO 20230612 00:09:20] cost 6.516996383666992 s
[INFO 20230612 00:09:20] function SVC_gridSearch() start
[INFO 20230612 00:20:57] function SVC_gridSearch() end
[INFO 20230612 00:20:57] cost 696.3851230144501 s
[INFO 20230612 00:20:57] function DecisionTreeClassifier_gridSearch() start
[INFO 20230612 00:21:02] function DecisionTreeClassifier_gridSearch() end
[INFO 20230612 00:21:02] cost 4.962027072906494 s
[INFO 20230612 00:21:02] function RandomForestClassifier_gridSearch() start
[INFO 20230612 00:31:12] function RandomForestClassifier_gridSearch() end
[INFO 20230612 00:31:12] cost 610.2110834121704 s
[INFO 20230612 00:31:12] function KNeighborsClassifier_gridSearch() start
[INFO 20230612 00:31:14] function KNeighborsClassifier_gridSearch() end
[INFO 20230612 00:31:14] cost 1.8980398178100586 s
[INFO 20230612 00:31:14] function optimized_LogisticRegression__performanceMetrics() start
[INFO 20230612 00:31:14] function optimized_LogisticRegression__performanceMetrics() end
[INFO 20230612 00:31:14] cost 0.027003765106201172 s
[INFO 20230612 00:31:14] function optimized_SVC__performanceMetrics() start
[INFO 20230612 00:31:27] function optimized_SVC__performanceMetrics() end
[INFO 20230612 00:31:27] cost 13.141027212142944 s
[INFO 20230612 00:31:27] function optimized_DecisionTreeClassifier__performanceMetrics() start
[INFO 20230612 00:31:27] function optimized_DecisionTreeClassifier__performanceMetrics() end
[INFO 20230612 00:31:27] cost 0.019031763076782227 s
[INFO 20230612 00:31:27] function optimized_RandomForestClassifier__performanceMetrics() start
[INFO 20230612 00:31:28] function optimized_RandomForestClassifier__performanceMetrics() end
[INFO 20230612 00:31:28] cost 0.43103718757629395 s
[INFO 20230612 00:31:28] function optimized_KNeighborsClassifier__performanceMetrics() start
[INFO 20230612 00:31:28] function optimized_KNeighborsClassifier__performanceMetrics() end
[INFO 20230612 00:31:28] cost 0.436053991317749 s
[INFO 20230612 00:31:28] function optimized_LogisticRegression__performanceMetrics() start
[INFO 20230612 00:31:28] function optimized_LogisticRegression__performanceMetrics() end
[INFO 20230612 00:31:28] cost 0.02399730682373047 s
[INFO 20230612 00:31:28] function optimized_SVC__performanceMetrics() start
[INFO 20230612 00:31:40] function optimized_SVC__performanceMetrics() end
[INFO 20230612 00:31:40] cost 11.694976091384888 s
[INFO 20230612 00:31:40] function optimized_DecisionTreeClassifier__performanceMetrics() start
[INFO 20230612 00:31:40] function optimized_DecisionTreeClassifier__performanceMetrics() end
[INFO 20230612 00:31:40] cost 0.017951488494873047 s
[INFO 20230612 00:31:40] function optimized_RandomForestClassifier__performanceMetrics() start
[INFO 20230612 00:31:40] function optimized_RandomForestClassifier__performanceMetrics() end
[INFO 20230612 00:31:40] cost 0.36299800872802734 s
[INFO 20230612 00:31:40] function optimized_KNeighborsClassifier__performanceMetrics() start
[INFO 20230612 00:31:40] function optimized_KNeighborsClassifier__performanceMetrics() end
[INFO 20230612 00:31:40] cost 0.2050337791442871 s
[INFO 20230612 00:31:40] function optimized_LogisticRegression__KFoldCrossValidation() start
[INFO 20230612 00:31:41] function optimized_LogisticRegression__KFoldCrossValidation() end
[INFO 20230612 00:31:41] cost 0.31802892684936523 s
[INFO 20230612 00:31:41] function optimized_SVC__KFoldCrossValidation() start
[INFO 20230612 00:32:16] function optimized_SVC__KFoldCrossValidation() end
[INFO 20230612 00:32:16] cost 34.96996808052063 s
[INFO 20230612 00:32:16] function optimized_DecisionTreeClassifier__KFoldCrossValidation() start
[INFO 20230612 00:32:16] function optimized_DecisionTreeClassifier__KFoldCrossValidation() end
[INFO 20230612 00:32:16] cost 0.29299330711364746 s
[INFO 20230612 00:32:16] function optimized_RandomForestClassifier__KFoldCrossValidation() start
[INFO 20230612 00:32:18] function optimized_RandomForestClassifier__KFoldCrossValidation() end
[INFO 20230612 00:32:18] cost 1.7950129508972168 s
[INFO 20230612 00:32:18] function optimized_KNeighborsClassifier__KFoldCrossValidation() start
[INFO 20230612 00:32:18] function optimized_KNeighborsClassifier__KFoldCrossValidation() end
[INFO 20230612 00:32:18] cost 0.3769969940185547 s
[INFO 20230612 00:32:18] function optimized_LogisticRegression__KFoldCrossValidation() start
[INFO 20230612 00:32:18] function optimized_LogisticRegression__KFoldCrossValidation() end
[INFO 20230612 00:32:18] cost 0.29400014877319336 s
[INFO 20230612 00:32:18] function optimized_SVC__KFoldCrossValidation() start
[INFO 20230612 00:32:25] function optimized_SVC__KFoldCrossValidation() end
[INFO 20230612 00:32:25] cost 6.823004245758057 s
[INFO 20230612 00:32:25] function optimized_DecisionTreeClassifier__KFoldCrossValidation() start
[INFO 20230612 00:32:26] function optimized_DecisionTreeClassifier__KFoldCrossValidation() end
[INFO 20230612 00:32:26] cost 0.30130839347839355 s
[INFO 20230612 00:32:26] function optimized_RandomForestClassifier__KFoldCrossValidation() start
[INFO 20230612 00:32:27] function optimized_RandomForestClassifier__KFoldCrossValidation() end
[INFO 20230612 00:32:27] cost 1.326660394668579 s
[INFO 20230612 00:32:27] function optimized_KNeighborsClassifier__KFoldCrossValidation() start
[INFO 20230612 00:32:27] function optimized_KNeighborsClassifier__KFoldCrossValidation() end
[INFO 20230612 00:32:27] cost 0.3230290412902832 s
[INFO 20230612 00:32:27] function optimizedModelsJob() end
[INFO 20230612 00:32:27] cost 1397.064113855362 s
[INFO 20230612 00:32:27] function main() end
[INFO 20230612 00:32:27] cost 1417.7206721305847 s
