[INFO 20230613 00:13:44] using dataSet online_shoppers_intention.csv
[INFO 20230613 00:13:44] function main() start
[INFO 20230613 00:13:44] function originModelJob() start
[INFO 20230613 00:13:44] function origin_LogisticRegression__performanceMetrics() start
[INFO 20230613 00:13:44] function origin_LogisticRegression__performanceMetrics() end
[INFO 20230613 00:13:44] cost 0.058998823165893555 s
[INFO 20230613 00:13:44] function origin_SVC__performanceMetrics() start
[INFO 20230613 00:13:53] function origin_SVC__performanceMetrics() end
[INFO 20230613 00:13:53] cost 9.601033210754395 s
[INFO 20230613 00:13:53] function origin_DecisionTreeClassifier__performanceMetrics() start
[INFO 20230613 00:13:53] function origin_DecisionTreeClassifier__performanceMetrics() end
[INFO 20230613 00:13:53] cost 0.061989784240722656 s
[INFO 20230613 00:13:53] function origin_RandomForestClassifier__performanceMetrics() start
[INFO 20230613 00:13:54] function origin_RandomForestClassifier__performanceMetrics() end
[INFO 20230613 00:13:54] cost 0.6901655197143555 s
[INFO 20230613 00:13:54] function origin_KNeighborsClassifier__performanceMetrics() start
[INFO 20230613 00:13:55] function origin_KNeighborsClassifier__performanceMetrics() end
[INFO 20230613 00:13:55] cost 0.3909938335418701 s
[INFO 20230613 00:13:55] function origin_LogisticRegression__performanceMetrics() start
[INFO 20230613 00:13:55] function origin_LogisticRegression__performanceMetrics() end
[INFO 20230613 00:13:55] cost 0.04099726676940918 s
[INFO 20230613 00:13:55] function origin_SVC__performanceMetrics() start
[INFO 20230613 00:14:04] function origin_SVC__performanceMetrics() end
[INFO 20230613 00:14:04] cost 9.011078834533691 s
[INFO 20230613 00:14:04] function origin_DecisionTreeClassifier__performanceMetrics() start
[INFO 20230613 00:14:04] function origin_DecisionTreeClassifier__performanceMetrics() end
[INFO 20230613 00:14:04] cost 0.054999351501464844 s
[INFO 20230613 00:14:04] function origin_RandomForestClassifier__performanceMetrics() start
[INFO 20230613 00:14:04] function origin_RandomForestClassifier__performanceMetrics() end
[INFO 20230613 00:14:04] cost 0.6579949855804443 s
[INFO 20230613 00:14:04] function origin_KNeighborsClassifier__performanceMetrics() start
[INFO 20230613 00:14:04] function origin_KNeighborsClassifier__performanceMetrics() end
[INFO 20230613 00:14:04] cost 0.18802928924560547 s
[INFO 20230613 00:14:04] function originModelJob() end
[INFO 20230613 00:14:04] cost 20.790356636047363 s
[INFO 20230613 00:14:04] function optimizedModelsJob() start
[INFO 20230613 00:14:04] function randomForestFeatureRank() start
[INFO 20230613 00:14:08] featureRank.png ok！
[INFO 20230613 00:14:08] function randomForestFeatureRank() end
[INFO 20230613 00:14:08] cost 3.8217625617980957 s
[INFO 20230613 00:14:08] function LogisticRegression_gridSearch() start
[INFO 20230613 00:14:15] function LogisticRegression_gridSearch() end
[INFO 20230613 00:14:15] cost 6.4209983348846436 s
[INFO 20230613 00:14:15] function SVC_gridSearch() start
[INFO 20230613 00:38:00] function SVC_gridSearch() end
[INFO 20230613 00:38:00] cost 1425.1001567840576 s
[INFO 20230613 00:38:00] function DecisionTreeClassifier_gridSearch() start
[INFO 20230613 00:38:04] function DecisionTreeClassifier_gridSearch() end
[INFO 20230613 00:38:04] cost 3.8509953022003174 s
[INFO 20230613 00:38:04] function RandomForestClassifier_gridSearch() start
[INFO 20230613 00:47:11] function RandomForestClassifier_gridSearch() end
[INFO 20230613 00:47:11] cost 547.2290000915527 s
[INFO 20230613 00:47:11] function KNeighborsClassifier_gridSearch() start
[INFO 20230613 00:47:13] function KNeighborsClassifier_gridSearch() end
[INFO 20230613 00:47:13] cost 1.593033790588379 s
[INFO 20230613 00:47:13] function optimized_LogisticRegression__performanceMetrics() start
[INFO 20230613 00:47:13] function optimized_LogisticRegression__performanceMetrics() end
[INFO 20230613 00:47:13] cost 0.035994768142700195 s
[INFO 20230613 00:47:13] function optimized_SVC__performanceMetrics() start
[INFO 20230613 00:47:22] function optimized_SVC__performanceMetrics() end
[INFO 20230613 00:47:22] cost 9.297052145004272 s
[INFO 20230613 00:47:22] function optimized_DecisionTreeClassifier__performanceMetrics() start
[INFO 20230613 00:47:22] function optimized_DecisionTreeClassifier__performanceMetrics() end
[INFO 20230613 00:47:22] cost 0.026003599166870117 s
[INFO 20230613 00:47:22] function optimized_RandomForestClassifier__performanceMetrics() start
[INFO 20230613 00:47:22] function optimized_RandomForestClassifier__performanceMetrics() end
[INFO 20230613 00:47:22] cost 0.3849973678588867 s
[INFO 20230613 00:47:22] function optimized_KNeighborsClassifier__performanceMetrics() start
[INFO 20230613 00:47:23] function optimized_KNeighborsClassifier__performanceMetrics() end
[INFO 20230613 00:47:23] cost 0.4380223751068115 s
[INFO 20230613 00:47:23] function optimized_LogisticRegression__performanceMetrics() start
[INFO 20230613 00:47:23] function optimized_LogisticRegression__performanceMetrics() end
[INFO 20230613 00:47:23] cost 0.029996871948242188 s
[INFO 20230613 00:47:23] function optimized_SVC__performanceMetrics() start
[INFO 20230613 00:47:31] function optimized_SVC__performanceMetrics() end
[INFO 20230613 00:47:31] cost 8.364032506942749 s
[INFO 20230613 00:47:31] function optimized_DecisionTreeClassifier__performanceMetrics() start
[INFO 20230613 00:47:31] function optimized_DecisionTreeClassifier__performanceMetrics() end
[INFO 20230613 00:47:31] cost 0.02198314666748047 s
[INFO 20230613 00:47:31] function optimized_RandomForestClassifier__performanceMetrics() start
[INFO 20230613 00:47:32] function optimized_RandomForestClassifier__performanceMetrics() end
[INFO 20230613 00:47:32] cost 0.376004695892334 s
[INFO 20230613 00:47:32] function optimized_KNeighborsClassifier__performanceMetrics() start
[INFO 20230613 00:47:32] function optimized_KNeighborsClassifier__performanceMetrics() end
[INFO 20230613 00:47:32] cost 0.20103025436401367 s
[INFO 20230613 00:47:32] function optimized_LogisticRegression__KFoldCrossValidation() start
[INFO 20230613 00:47:32] function optimized_LogisticRegression__KFoldCrossValidation() end
[INFO 20230613 00:47:32] cost 0.3454859256744385 s
[INFO 20230613 00:47:32] function optimized_SVC__KFoldCrossValidation() start
[INFO 20230613 00:47:57] function optimized_SVC__KFoldCrossValidation() end
[INFO 20230613 00:47:57] cost 24.62302875518799 s
[INFO 20230613 00:47:57] function optimized_DecisionTreeClassifier__KFoldCrossValidation() start
[INFO 20230613 00:47:57] function optimized_DecisionTreeClassifier__KFoldCrossValidation() end
[INFO 20230613 00:47:57] cost 0.31301403045654297 s
[INFO 20230613 00:47:57] function optimized_RandomForestClassifier__KFoldCrossValidation() start
[INFO 20230613 00:47:59] function optimized_RandomForestClassifier__KFoldCrossValidation() end
[INFO 20230613 00:47:59] cost 1.921377420425415 s
[INFO 20230613 00:47:59] function optimized_KNeighborsClassifier__KFoldCrossValidation() start
[INFO 20230613 00:47:59] function optimized_KNeighborsClassifier__KFoldCrossValidation() end
[INFO 20230613 00:47:59] cost 0.4070284366607666 s
[INFO 20230613 00:47:59] function optimized_LogisticRegression__KFoldCrossValidation() start
[INFO 20230613 00:48:00] function optimized_LogisticRegression__KFoldCrossValidation() end
[INFO 20230613 00:48:00] cost 0.31807923316955566 s
[INFO 20230613 00:48:00] function optimized_SVC__KFoldCrossValidation() start
[INFO 20230613 00:48:04] function optimized_SVC__KFoldCrossValidation() end
[INFO 20230613 00:48:04] cost 4.427034378051758 s
[INFO 20230613 00:48:04] function optimized_DecisionTreeClassifier__KFoldCrossValidation() start
[INFO 20230613 00:48:04] function optimized_DecisionTreeClassifier__KFoldCrossValidation() end
[INFO 20230613 00:48:04] cost 0.2975344657897949 s
[INFO 20230613 00:48:04] function optimized_RandomForestClassifier__KFoldCrossValidation() start
[INFO 20230613 00:48:06] function optimized_RandomForestClassifier__KFoldCrossValidation() end
[INFO 20230613 00:48:06] cost 1.582984447479248 s
[INFO 20230613 00:48:06] function optimized_KNeighborsClassifier__KFoldCrossValidation() start
[INFO 20230613 00:48:06] function optimized_KNeighborsClassifier__KFoldCrossValidation() end
[INFO 20230613 00:48:06] cost 0.33298182487487793 s
[INFO 20230613 00:48:06] function optimizedModelsJob() end
[INFO 20230613 00:48:06] cost 2041.8163299560547 s
[INFO 20230613 00:48:06] function main() end
[INFO 20230613 00:48:06] cost 2062.6106662750244 s
