[INFO 20230612 00:51:47] function main() start
[INFO 20230612 00:51:47] function originModelJob() start
[INFO 20230612 00:51:47] function origin_LogisticRegression__performanceMetrics() start
[INFO 20230612 00:51:47] function origin_LogisticRegression__performanceMetrics() end
[INFO 20230612 00:51:47] cost 0.06799888610839844 s
[INFO 20230612 00:51:47] function origin_SVC__performanceMetrics() start
[INFO 20230612 00:51:57] function origin_SVC__performanceMetrics() end
[INFO 20230612 00:51:57] cost 9.354034185409546 s
[INFO 20230612 00:51:57] function origin_DecisionTreeClassifier__performanceMetrics() start
[INFO 20230612 00:51:57] function origin_DecisionTreeClassifier__performanceMetrics() end
[INFO 20230612 00:51:57] cost 0.0930337905883789 s
[INFO 20230612 00:51:57] function origin_RandomForestClassifier__performanceMetrics() start
[INFO 20230612 00:51:58] function origin_RandomForestClassifier__performanceMetrics() end
[INFO 20230612 00:51:58] cost 0.9249951839447021 s
[INFO 20230612 00:51:58] function origin_KNeighborsClassifier__performanceMetrics() start
[INFO 20230612 00:51:58] function origin_KNeighborsClassifier__performanceMetrics() end
[INFO 20230612 00:51:58] cost 0.47501206398010254 s
[INFO 20230612 00:51:58] function origin_LogisticRegression__performanceMetrics() start
[INFO 20230612 00:51:58] function origin_LogisticRegression__performanceMetrics() end
[INFO 20230612 00:51:58] cost 0.06100106239318848 s
[INFO 20230612 00:51:58] function origin_SVC__performanceMetrics() start
[INFO 20230612 00:52:07] function origin_SVC__performanceMetrics() end
[INFO 20230612 00:52:07] cost 8.45903730392456 s
[INFO 20230612 00:52:07] function origin_DecisionTreeClassifier__performanceMetrics() start
[INFO 20230612 00:52:07] function origin_DecisionTreeClassifier__performanceMetrics() end
[INFO 20230612 00:52:07] cost 0.08102726936340332 s
[INFO 20230612 00:52:07] function origin_RandomForestClassifier__performanceMetrics() start
[INFO 20230612 00:52:08] function origin_RandomForestClassifier__performanceMetrics() end
[INFO 20230612 00:52:08] cost 0.8680808544158936 s
[INFO 20230612 00:52:08] function origin_KNeighborsClassifier__performanceMetrics() start
[INFO 20230612 00:52:08] function origin_KNeighborsClassifier__performanceMetrics() end
[INFO 20230612 00:52:08] cost 0.22101330757141113 s
[INFO 20230612 00:52:08] function originModelJob() end
[INFO 20230612 00:52:08] cost 20.6380615234375 s
[INFO 20230612 00:52:08] function optimizedModelsJob() start
[INFO 20230612 00:52:08] function randomForestFeatureRank() start
[INFO 20230612 00:52:12] featureRank.png ok！
[INFO 20230612 00:52:12] function randomForestFeatureRank() end
[INFO 20230612 00:52:12] cost 3.8400261402130127 s
[INFO 20230612 00:52:12] function LogisticRegression_gridSearch() start
[INFO 20230612 00:52:18] function LogisticRegression_gridSearch() end
[INFO 20230612 00:52:18] cost 6.466001272201538 s
[INFO 20230612 00:52:18] function SVC_gridSearch() start
[INFO 20230612 01:41:00] function SVC_gridSearch() end
[INFO 20230612 01:41:00] cost 2921.438944578171 s
[INFO 20230612 01:41:00] function DecisionTreeClassifier_gridSearch() start
[INFO 20230612 01:41:07] function DecisionTreeClassifier_gridSearch() end
[INFO 20230612 01:41:07] cost 7.223035573959351 s
[INFO 20230612 01:41:07] function RandomForestClassifier_gridSearch() start
[INFO 20230612 01:54:28] function RandomForestClassifier_gridSearch() end
[INFO 20230612 01:54:28] cost 801.06769323349 s
[INFO 20230612 01:54:28] function KNeighborsClassifier_gridSearch() start
[INFO 20230612 01:54:31] function KNeighborsClassifier_gridSearch() end
[INFO 20230612 01:54:31] cost 3.2021303176879883 s
[INFO 20230612 01:54:31] function optimized_LogisticRegression__performanceMetrics() start
[INFO 20230612 01:54:31] function optimized_LogisticRegression__performanceMetrics() end
[INFO 20230612 01:54:31] cost 0.053000450134277344 s
[INFO 20230612 01:54:31] function optimized_SVC__performanceMetrics() start
[INFO 20230612 01:55:23] function optimized_SVC__performanceMetrics() end
[INFO 20230612 01:55:23] cost 51.68003797531128 s
[INFO 20230612 01:55:23] function optimized_DecisionTreeClassifier__performanceMetrics() start
[INFO 20230612 01:55:23] function optimized_DecisionTreeClassifier__performanceMetrics() end
[INFO 20230612 01:55:23] cost 0.07402729988098145 s
[INFO 20230612 01:55:23] function optimized_RandomForestClassifier__performanceMetrics() start
[INFO 20230612 01:55:24] function optimized_RandomForestClassifier__performanceMetrics() end
[INFO 20230612 01:55:24] cost 0.8280558586120605 s
[INFO 20230612 01:55:24] function optimized_KNeighborsClassifier__performanceMetrics() start
[INFO 20230612 01:55:25] function optimized_KNeighborsClassifier__performanceMetrics() end
[INFO 20230612 01:55:25] cost 0.6339972019195557 s
[INFO 20230612 01:55:25] function optimized_LogisticRegression__performanceMetrics() start
[INFO 20230612 01:55:25] function optimized_LogisticRegression__performanceMetrics() end
[INFO 20230612 01:55:25] cost 0.03898286819458008 s
[INFO 20230612 01:55:25] function optimized_SVC__performanceMetrics() start
[INFO 20230612 01:56:11] function optimized_SVC__performanceMetrics() end
[INFO 20230612 01:56:11] cost 46.272998332977295 s
[INFO 20230612 01:56:11] function optimized_DecisionTreeClassifier__performanceMetrics() start
[INFO 20230612 01:56:11] function optimized_DecisionTreeClassifier__performanceMetrics() end
[INFO 20230612 01:56:11] cost 0.06699562072753906 s
[INFO 20230612 01:56:11] function optimized_RandomForestClassifier__performanceMetrics() start
[INFO 20230612 01:56:12] function optimized_RandomForestClassifier__performanceMetrics() end
[INFO 20230612 01:56:12] cost 0.8131318092346191 s
[INFO 20230612 01:56:12] function optimized_KNeighborsClassifier__performanceMetrics() start
[INFO 20230612 01:56:12] function optimized_KNeighborsClassifier__performanceMetrics() end
[INFO 20230612 01:56:12] cost 0.1940321922302246 s
[INFO 20230612 01:56:12] function optimized_LogisticRegression__KFoldCrossValidation() start
[INFO 20230612 01:56:12] function optimized_LogisticRegression__KFoldCrossValidation() end
[INFO 20230612 01:56:12] cost 0.40003156661987305 s
[INFO 20230612 01:56:12] function optimized_SVC__KFoldCrossValidation() start
[INFO 20230612 01:58:24] function optimized_SVC__KFoldCrossValidation() end
[INFO 20230612 01:58:24] cost 132.1140296459198 s
[INFO 20230612 01:58:24] function optimized_DecisionTreeClassifier__KFoldCrossValidation() start
[INFO 20230612 01:58:25] function optimized_DecisionTreeClassifier__KFoldCrossValidation() end
[INFO 20230612 01:58:25] cost 0.4680612087249756 s
[INFO 20230612 01:58:25] function optimized_RandomForestClassifier__KFoldCrossValidation() start
[INFO 20230612 01:58:29] function optimized_RandomForestClassifier__KFoldCrossValidation() end
[INFO 20230612 01:58:29] cost 3.6266696453094482 s
[INFO 20230612 01:58:29] function optimized_KNeighborsClassifier__KFoldCrossValidation() start
[INFO 20230612 01:58:29] function optimized_KNeighborsClassifier__KFoldCrossValidation() end
[INFO 20230612 01:58:29] cost 0.3929927349090576 s
[INFO 20230612 01:58:29] function optimized_LogisticRegression__KFoldCrossValidation() start
[INFO 20230612 01:58:29] function optimized_LogisticRegression__KFoldCrossValidation() end
[INFO 20230612 01:58:29] cost 0.34457993507385254 s
[INFO 20230612 01:58:29] function optimized_SVC__KFoldCrossValidation() start
[INFO 20230612 01:58:36] function optimized_SVC__KFoldCrossValidation() end
[INFO 20230612 01:58:36] cost 6.565017938613892 s
[INFO 20230612 01:58:36] function optimized_DecisionTreeClassifier__KFoldCrossValidation() start
[INFO 20230612 01:58:36] function optimized_DecisionTreeClassifier__KFoldCrossValidation() end
[INFO 20230612 01:58:36] cost 0.32403564453125 s
[INFO 20230612 01:58:36] function optimized_RandomForestClassifier__KFoldCrossValidation() start
[INFO 20230612 01:58:38] function optimized_RandomForestClassifier__KFoldCrossValidation() end
[INFO 20230612 01:58:38] cost 1.884016752243042 s
[INFO 20230612 01:58:38] function optimized_KNeighborsClassifier__KFoldCrossValidation() start
[INFO 20230612 01:58:38] function optimized_KNeighborsClassifier__KFoldCrossValidation() end
[INFO 20230612 01:58:38] cost 0.3130216598510742 s
[INFO 20230612 01:58:38] function optimizedModelsJob() end
[INFO 20230612 01:58:38] cost 3990.395071029663 s
[INFO 20230612 01:58:38] function main() end
[INFO 20230612 01:58:38] cost 4011.036148548126 s
